<?xml version="1.0" encoding="UTF-8"?>
<testsuite xmlns:xsi="http://www.w3.org/2001/XMLSchema-instance" xsi:noNamespaceSchemaLocation="https://maven.apache.org/surefire/maven-surefire-plugin/xsd/surefire-test-report-3.0.xsd" version="3.0" name="com.zara.spring.java.CucumberGetPriceByDateTest" time="2.571" tests="5" errors="0" skipped="0" failures="0">
  <properties>
[...]
</properties>
  <testcase name="Example #1.1" classname="Examples" time="2.197">
    <system-out><![CDATA[09:59:58.894 [main] INFO  o.s.t.c.s.AnnotationConfigContextLoaderUtils - Could not detect default configuration classes for test class [com.zara.spring.java.GetPriceByDateTest]: GetPriceByDateTest does not declare any static, non-private, non-final, nested classes annotated with @Configuration.
09:59:58.917 [main] INFO  o.s.b.t.c.SpringBootTestContextBootstrapper - Found @SpringBootConfiguration com.zara.spring.java.PricesManagerApplication for test class com.zara.spring.java.GetPriceByDateTest

  .   ____          _            __ _ _
 /\\ / ___'_ __ _ _(_)_ __  __ _ \ \ \ \
( ( )\___ | '_ | '_| | '_ \/ _` | \ \ \ \
 \\/  ___)| |_)| | | | | || (_| |  ) ) ) )
  '  |____| .__|_| |_|_| |_\__, | / / / /
 =========|_|==============|___/=/_/_/_/
 :: Spring Boot ::                (v3.2.3)

09:59:58.958 [main] WARN  o.s.b.t.j.DuplicateJsonObjectContextCustomizerFactory$DuplicateJsonObjectContextCustomizer - 

Found multiple occurrences of org.json.JSONObject on the class path:

	jar:file:/C:/Users/Miguel%20Delgado/.m2/repository/com/vaadin/external/google/android-json/0.0.20131108.vaadin1/android-json-0.0.20131108.vaadin1.jar!/org/json/JSONObject.class
	jar:file:/C:/Users/Miguel%20Delgado/.m2/repository/org/json/json/20230227/json-20230227.jar!/org/json/JSONObject.class

You may wish to exclude one of them to ensure predictable runtime behavior

09:59:58.960 [main] INFO  c.z.spring.java.GetPriceByDateTest - Starting GetPriceByDateTest using Java 17.0.10 with PID 5704 (started by Miguel Delgado in C:\Users\Miguel Delgado\prices-manager)
09:59:58.960 [main] INFO  c.z.spring.java.GetPriceByDateTest - The following 1 profile is active: "test"
09:59:59.215 [main] INFO  o.s.d.r.c.RepositoryConfigurationDelegate - Bootstrapping Spring Data JPA repositories in DEFAULT mode.
09:59:59.230 [main] INFO  o.s.d.r.c.RepositoryConfigurationDelegate - Finished Spring Data repository scanning in 14 ms. Found 1 JPA repository interface.
09:59:59.432 [main] INFO  com.zaxxer.hikari.HikariDataSource - HikariPool-2 - Starting...
09:59:59.434 [main] INFO  com.zaxxer.hikari.pool.HikariPool - HikariPool-2 - Added connection conn10: url=jdbc:h2:mem:testdb user=SA
09:59:59.434 [main] INFO  com.zaxxer.hikari.HikariDataSource - HikariPool-2 - Start completed.
09:59:59.438 [main] INFO  o.h.jpa.internal.util.LogHelper - HHH000204: Processing PersistenceUnitInfo [name: default]
09:59:59.445 [main] INFO  o.h.c.i.RegionFactoryInitiator - HHH000026: Second-level cache disabled
09:59:59.455 [main] INFO  o.s.o.j.p.SpringPersistenceUnitInfo - No LoadTimeWeaver setup: ignoring JPA class transformer
09:59:59.523 [main] INFO  o.h.e.t.j.p.i.JtaPlatformInitiator - HHH000489: No JTA platform available (set 'hibernate.transaction.jta.platform' to enable JTA platform integration)
Hibernate: 
    drop table if exists price cascade 
Hibernate: 
    create table price (
        brand_id integer,
        price_amount float(53),
        price_list_id integer generated by default as identity,
        priority integer,
        product_id integer,
        end_date timestamp(6) with time zone,
        start_date timestamp(6) with time zone,
        currency varchar(255),
        primary key (price_list_id)
    )
Hibernate: insert into price (PRICE_LIST_ID, BRAND_ID, START_DATE, END_DATE, PRODUCT_ID, PRIORITY, PRICE_AMOUNT, CURRENCY) values (1, 1, '2020-06-14T00:00:00Z', '2020-12-31T23:59:59Z', 35455, 0, 35.40, 'EUR')
Hibernate: insert into price (PRICE_LIST_ID, BRAND_ID, START_DATE, END_DATE, PRODUCT_ID, PRIORITY, PRICE_AMOUNT, CURRENCY) values (2, 1, '2020-06-14T15:00:00Z', '2020-06-14T18:30:59Z', 35455, 1, 25.45, 'EUR')
Hibernate: insert into price (PRICE_LIST_ID, BRAND_ID, START_DATE, END_DATE, PRODUCT_ID, PRIORITY, PRICE_AMOUNT, CURRENCY) values (3, 1, '2020-06-15T00:00:00Z', '2020-06-15T11:00:00Z', 35455, 1, 30.50, 'EUR')
Hibernate: insert into price (PRICE_LIST_ID, BRAND_ID, START_DATE, END_DATE, PRODUCT_ID, PRIORITY, PRICE_AMOUNT, CURRENCY) values (4, 1, '2020-06-15T16:00:00Z', '2020-12-31T23:59:59Z', 35455, 0, 35.40, 'EUR')
09:59:59.534 [main] INFO  o.s.o.j.LocalContainerEntityManagerFactoryBean - Initialized JPA EntityManagerFactory for persistence unit 'default'
09:59:59.838 [main] WARN  o.s.b.a.m.MustacheAutoConfiguration - Cannot find template location: classpath:/templates/ (please add some templates, check your Mustache configuration, or set spring.mustache.check-template-location=false)
09:59:59.905 [main] INFO  o.s.b.a.h.H2ConsoleAutoConfiguration - H2 console available at '/h2-console'. Database available at 'jdbc:h2:mem:testdb'
09:59:59.987 [main] INFO  o.s.b.t.m.w.SpringBootMockServletContext - Initializing Spring TestDispatcherServlet ''
09:59:59.987 [main] INFO  o.s.t.w.s.TestDispatcherServlet - Initializing Servlet ''
09:59:59.991 [main] INFO  o.s.t.w.s.TestDispatcherServlet - Completed initialization in 2 ms
10:00:00.005 [main] INFO  c.z.spring.java.GetPriceByDateTest - Started GetPriceByDateTest in 1.086 seconds (process running for 12.966)
Hibernate: 
    select
        pe1_0.price_list_id,
        pe1_0.brand_id,
        pe1_0.currency,
        pe1_0.end_date,
        pe1_0.price_amount,
        pe1_0.priority,
        pe1_0.product_id,
        pe1_0.start_date 
    from
        price pe1_0 
    where
        pe1_0.product_id=? 
        and pe1_0.brand_id=? 
        and pe1_0.start_date<? 
        and pe1_0.end_date>? 
    order by
        pe1_0.price_list_id desc,
        pe1_0.priority desc 
    fetch
        first ? rows only
]]></system-out>
  </testcase>
  <testcase name="Example #1.2" classname="Examples" time="0.057">
    <system-out><![CDATA[10:00:01.047 [main] INFO  o.s.t.c.s.AnnotationConfigContextLoaderUtils - Could not detect default configuration classes for test class [com.zara.spring.java.GetPriceByDateTest]: GetPriceByDateTest does not declare any static, non-private, non-final, nested classes annotated with @Configuration.
10:00:01.051 [main] INFO  o.s.b.t.c.SpringBootTestContextBootstrapper - Found @SpringBootConfiguration com.zara.spring.java.PricesManagerApplication for test class com.zara.spring.java.GetPriceByDateTest
Hibernate: 
    select
        pe1_0.price_list_id,
        pe1_0.brand_id,
        pe1_0.currency,
        pe1_0.end_date,
        pe1_0.price_amount,
        pe1_0.priority,
        pe1_0.product_id,
        pe1_0.start_date 
    from
        price pe1_0 
    where
        pe1_0.product_id=? 
        and pe1_0.brand_id=? 
        and pe1_0.start_date<? 
        and pe1_0.end_date>? 
    order by
        pe1_0.price_list_id desc,
        pe1_0.priority desc 
    fetch
        first ? rows only
]]></system-out>
  </testcase>
  <testcase name="Example #1.3" classname="Examples" time="0.047">
    <system-out><![CDATA[10:00:01.106 [main] INFO  o.s.t.c.s.AnnotationConfigContextLoaderUtils - Could not detect default configuration classes for test class [com.zara.spring.java.GetPriceByDateTest]: GetPriceByDateTest does not declare any static, non-private, non-final, nested classes annotated with @Configuration.
10:00:01.111 [main] INFO  o.s.b.t.c.SpringBootTestContextBootstrapper - Found @SpringBootConfiguration com.zara.spring.java.PricesManagerApplication for test class com.zara.spring.java.GetPriceByDateTest
Hibernate: 
    select
        pe1_0.price_list_id,
        pe1_0.brand_id,
        pe1_0.currency,
        pe1_0.end_date,
        pe1_0.price_amount,
        pe1_0.priority,
        pe1_0.product_id,
        pe1_0.start_date 
    from
        price pe1_0 
    where
        pe1_0.product_id=? 
        and pe1_0.brand_id=? 
        and pe1_0.start_date<? 
        and pe1_0.end_date>? 
    order by
        pe1_0.price_list_id desc,
        pe1_0.priority desc 
    fetch
        first ? rows only
]]></system-out>
  </testcase>
  <testcase name="Example #1.4" classname="Examples" time="0.027">
    <system-out><![CDATA[10:00:01.154 [main] INFO  o.s.t.c.s.AnnotationConfigContextLoaderUtils - Could not detect default configuration classes for test class [com.zara.spring.java.GetPriceByDateTest]: GetPriceByDateTest does not declare any static, non-private, non-final, nested classes annotated with @Configuration.
10:00:01.159 [main] INFO  o.s.b.t.c.SpringBootTestContextBootstrapper - Found @SpringBootConfiguration com.zara.spring.java.PricesManagerApplication for test class com.zara.spring.java.GetPriceByDateTest
Hibernate: 
    select
        pe1_0.price_list_id,
        pe1_0.brand_id,
        pe1_0.currency,
        pe1_0.end_date,
        pe1_0.price_amount,
        pe1_0.priority,
        pe1_0.product_id,
        pe1_0.start_date 
    from
        price pe1_0 
    where
        pe1_0.product_id=? 
        and pe1_0.brand_id=? 
        and pe1_0.start_date<? 
        and pe1_0.end_date>? 
    order by
        pe1_0.price_list_id desc,
        pe1_0.priority desc 
    fetch
        first ? rows only
]]></system-out>
  </testcase>
  <testcase name="Example #1.5" classname="Examples" time="0.072">
    <system-out><![CDATA[10:00:01.182 [main] INFO  o.s.t.c.s.AnnotationConfigContextLoaderUtils - Could not detect default configuration classes for test class [com.zara.spring.java.GetPriceByDateTest]: GetPriceByDateTest does not declare any static, non-private, non-final, nested classes annotated with @Configuration.
10:00:01.195 [main] INFO  o.s.b.t.c.SpringBootTestContextBootstrapper - Found @SpringBootConfiguration com.zara.spring.java.PricesManagerApplication for test class com.zara.spring.java.GetPriceByDateTest
Hibernate: 
    select
        pe1_0.price_list_id,
        pe1_0.brand_id,
        pe1_0.currency,
        pe1_0.end_date,
        pe1_0.price_amount,
        pe1_0.priority,
        pe1_0.product_id,
        pe1_0.start_date 
    from
        price pe1_0 
    where
        pe1_0.product_id=? 
        and pe1_0.brand_id=? 
        and pe1_0.start_date<? 
        and pe1_0.end_date>? 
    order by
        pe1_0.price_list_id desc,
        pe1_0.priority desc 
    fetch
        first ? rows only
]]></system-out>
  </testcase>
</testsuite>