<?xml version="1.0" encoding="UTF-8"?>
<testsuite xmlns:xsi="http://www.w3.org/2001/XMLSchema-instance" xsi:noNamespaceSchemaLocation="https://maven.apache.org/surefire/maven-surefire-plugin/xsd/surefire-test-report.xsd" name="CucumberGetPriceByDateTest" time="2.541" tests="5" errors="0" skipped="0" failures="0">
  <properties>
[...]
</properties>
  <testcase name="Example #1.1" classname="com.zara.spring.java.cucumber.CucumberGetPriceByDateTest" time="1.773"/>
  <testcase name="Example #1.2" classname="com.zara.spring.java.cucumber.CucumberGetPriceByDateTest" time="0.023"/>
  <testcase name="Example #1.3" classname="com.zara.spring.java.cucumber.CucumberGetPriceByDateTest" time="0.022"/>
  <testcase name="Example #1.4" classname="com.zara.spring.java.cucumber.CucumberGetPriceByDateTest" time="0.019"/>
  <testcase name="Example #1.5" classname="com.zara.spring.java.cucumber.CucumberGetPriceByDateTest" time="0.023"/>
</testsuite>